<?xml version="1.0" encoding="UTF-8"?>
<!-- Generated by org.testng.reporters.JUnitReportReporter -->
<testsuite skipped="0" hostname="sivamurralii-PC" name="CucumberOptions.TestRunner" tests="1" failures="0" timestamp="2020-01-22T10:23:37 GMT" time="0.036" errors="0">
  <testcase name="feature" time="0.036" classname="CucumberOptions.TestRunner"/>
  <system-out/>
</testsuite> <!-- CucumberOptions.TestRunner -->
